Flow report for lab2_FLOAD
Wed Apr 05 01:46:25 2023
Quartus Prime Version 20.1.1 Build 720 11/11/2020 SJ Lite Edition


---------------------
; Table of Contents ;
---------------------
  1. Legal Notice
  2. Flow Summary
  3. Flow Settings
  4. Flow Non-Default Global Settings
  5. Flow Elapsed Time
  6. Flow OS Summary
  7. Flow Log
  8. Flow Messages
  9. Flow Suppressed Messages



----------------
; Legal Notice ;
----------------
Copyright (C) 2020  Intel Corporation. All rights reserved.
Your use of Intel Corporation's design tools, logic functions 
and other software and tools, and any partner logic 
functions, and any output files from any of the foregoing 
(including device programming or simulation files), and any 
associated documentation or information are expressly subject 
to the terms and conditions of the Intel Program License 
Subscription Agreement, the Intel Quartus Prime License Agreement,
the Intel FPGA IP License Agreement, or other applicable license
agreement, including, without limitation, that your use is for
the sole purpose of programming logic devices manufactured by
Intel and sold by Intel or its authorized distributors.  Please
refer to the applicable agreement for further details, at
https://fpgasoftware.intel.com/eula.



+-------------------------------------------------------------------------------+
; Flow Summary                                                                  ;
+---------------------------------+---------------------------------------------+
; Flow Status                     ; Successful - Wed Apr 05 01:45:45 2023       ;
; Quartus Prime Version           ; 20.1.1 Build 720 11/11/2020 SJ Lite Edition ;
; Revision Name                   ; lab2_FLOAD                                  ;
; Top-level Entity Name           ; CALC_MAGNITUDE_AND_PHASE_FLOAT_POINT        ;
; Family                          ; Cyclone V                                   ;
; Device                          ; 5CGXFC7C7F23C8                              ;
; Timing Models                   ; Final                                       ;
; Logic utilization (in ALMs)     ; 2,422 / 56,480 ( 4 % )                      ;
; Total registers                 ; 4565                                        ;
; Total pins                      ; 134 / 268 ( 50 % )                          ;
; Total virtual pins              ; 0                                           ;
; Total block memory bits         ; 3,005 / 7,024,640 ( < 1 % )                 ;
; Total DSP Blocks                ; 10 / 156 ( 6 % )                            ;
; Total HSSI RX PCSs              ; 0 / 6 ( 0 % )                               ;
; Total HSSI PMA RX Deserializers ; 0 / 6 ( 0 % )                               ;
; Total HSSI TX PCSs              ; 0 / 6 ( 0 % )                               ;
; Total HSSI PMA TX Serializers   ; 0 / 6 ( 0 % )                               ;
; Total PLLs                      ; 0 / 13 ( 0 % )                              ;
; Total DLLs                      ; 0 / 4 ( 0 % )                               ;
+---------------------------------+---------------------------------------------+


+-----------------------------------------+
; Flow Settings                           ;
+-------------------+---------------------+
; Option            ; Setting             ;
+-------------------+---------------------+
; Start date & time ; 04/05/2023 01:39:12 ;
; Main task         ; Compilation         ;
; Revision Name     ; lab2_FLOAD          ;
+-------------------+---------------------+


+--------------------------------------------------------------------------------------------------------------------------------------------------+
; Flow Non-Default Global Settings                                                                                                                 ;
+-------------------------------------+----------------------------------------+---------------+--------------------------------------+------------+
; Assignment Name                     ; Value                                  ; Default Value ; Entity Name                          ; Section Id ;
+-------------------------------------+----------------------------------------+---------------+--------------------------------------+------------+
; COMPILER_SIGNATURE_ID               ; 1097257546440.168064795220068          ; --            ; --                                   ; --         ;
; MAX_CORE_JUNCTION_TEMP              ; 85                                     ; --            ; --                                   ; --         ;
; MIN_CORE_JUNCTION_TEMP              ; 0                                      ; --            ; --                                   ; --         ;
; PARTITION_COLOR                     ; -- (Not supported for targeted family) ; --            ; CALC_MAGNITUDE_AND_PHASE_FLOAT_POINT ; Top        ;
; PARTITION_FITTER_PRESERVATION_LEVEL ; -- (Not supported for targeted family) ; --            ; CALC_MAGNITUDE_AND_PHASE_FLOAT_POINT ; Top        ;
; PARTITION_NETLIST_TYPE              ; -- (Not supported for targeted family) ; --            ; CALC_MAGNITUDE_AND_PHASE_FLOAT_POINT ; Top        ;
; POWER_BOARD_THERMAL_MODEL           ; None (CONSERVATIVE)                    ; --            ; --                                   ; --         ;
; POWER_PRESET_COOLING_SOLUTION       ; 23 MM HEAT SINK WITH 200 LFPM AIRFLOW  ; --            ; --                                   ; --         ;
; PROJECT_OUTPUT_DIRECTORY            ; output_files                           ; --            ; --                                   ; --         ;
; TOP_LEVEL_ENTITY                    ; CALC_MAGNITUDE_AND_PHASE_FLOAT_POINT   ; lab2_FLOAD    ; --                                   ; --         ;
+-------------------------------------+----------------------------------------+---------------+--------------------------------------+------------+


+--------------------------------------------------------------------------------------------------------------------------+
; Flow Elapsed Time                                                                                                        ;
+----------------------+--------------+-------------------------+---------------------+------------------------------------+
; Module Name          ; Elapsed Time ; Average Processors Used ; Peak Virtual Memory ; Total CPU Time (on all processors) ;
+----------------------+--------------+-------------------------+---------------------+------------------------------------+
; Analysis & Synthesis ; 00:01:00     ; 1.0                     ; 4899 MB             ; 00:01:15                           ;
; Fitter               ; 00:05:01     ; 1.1                     ; 6436 MB             ; 00:07:30                           ;
; Assembler            ; 00:00:22     ; 1.0                     ; 4885 MB             ; 00:00:18                           ;
; Timing Analyzer      ; 00:00:39     ; 1.5                     ; 5328 MB             ; 00:00:53                           ;
; Total                ; 00:07:02     ; --                      ; --                  ; 00:09:56                           ;
+----------------------+--------------+-------------------------+---------------------+------------------------------------+


+------------------------------------------------------------------------------------+
; Flow OS Summary                                                                    ;
+----------------------+------------------+------------+------------+----------------+
; Module Name          ; Machine Hostname ; OS Name    ; OS Version ; Processor type ;
+----------------------+------------------+------------+------------+----------------+
; Analysis & Synthesis ; DESKTOP-K9V5FR4  ; Windows 10 ; 10.0       ; x86_64         ;
; Fitter               ; DESKTOP-K9V5FR4  ; Windows 10 ; 10.0       ; x86_64         ;
; Assembler            ; DESKTOP-K9V5FR4  ; Windows 10 ; 10.0       ; x86_64         ;
; Timing Analyzer      ; DESKTOP-K9V5FR4  ; Windows 10 ; 10.0       ; x86_64         ;
+----------------------+------------------+------------+------------+----------------+


------------
; Flow Log ;
------------
quartus_map --read_settings_files=on --write_settings_files=off lab2_FLOAD -c lab2_FLOAD
quartus_fit --read_settings_files=off --write_settings_files=off lab2_FLOAD -c lab2_FLOAD
quartus_asm --read_settings_files=off --write_settings_files=off lab2_FLOAD -c lab2_FLOAD
quartus_sta lab2_FLOAD -c lab2_FLOAD



